# JRE version: OpenJDK Runtime Environment (11.0.23+9) (build 11.0.23+9-post-Ubuntu-1ubuntu123.10.1)
# Java VM: OpenJDK 64-Bit Server VM (11.0.23+9-post-Ubuntu-1ubuntu123.10.1, mixed mode, sharing, tiered, compressed oops, g1 gc, linux-amd64)
Heap:
 garbage-first heap   total 692224K, used 182051K [0x000000060cc00000, 0x0000000800000000)
  region size 2048K, 29 young (59392K), 1 survivors (2048K)
 Metaspace       used 24678K, capacity 25520K, committed 25728K, reserved 1071104K
  class space    used 2747K, capacity 3127K, committed 3200K, reserved 1048576K
GC Heap History (20 events):
Event: 5.610 GC heap before
{Heap before GC invocations=2 (full 0):
 garbage-first heap   total 516096K, used 269552K [0x000000060cc00000, 0x0000000800000000)
  region size 2048K, 55 young (112640K), 7 survivors (14336K)
 Metaspace       used 17843K, capacity 18940K, committed 19072K, reserved 1067008K
  class space    used 1732K, capacity 2057K, committed 2176K, reserved 1048576K
}
Event: 5.632 GC heap after
{Heap after GC invocations=3 (full 0):
 garbage-first heap   total 516096K, used 21273K [0x000000060cc00000, 0x0000000800000000)
  region size 2048K, 1 young (2048K), 1 survivors (2048K)
 Metaspace       used 17843K, capacity 18940K, committed 19072K, reserved 1067008K
  class space    used 1732K, capacity 2057K, committed 2176K, reserved 1048576K
}
Event: 5.947 GC heap before
{Heap before GC invocations=3 (full 0):
 garbage-first heap   total 516096K, used 123673K [0x000000060cc00000, 0x0000000800000000)
  region size 2048K, 51 young (104448K), 1 survivors (2048K)
 Metaspace       used 17871K, capacity 19004K, committed 19328K, reserved 1067008K
  class space    used 1732K, capacity 2057K, committed 2176K, reserved 1048576K
}
Event: 5.949 GC heap after
{Heap after GC invocations=4 (full 0):
 garbage-first heap   total 516096K, used 21738K [0x000000060cc00000, 0x0000000800000000)
  region size 2048K, 1 young (2048K), 1 survivors (2048K)
 Metaspace       used 17871K, capacity 19004K, committed 19328K, reserved 1067008K
  class space    used 1732K, capacity 2057K, committed 2176K, reserved 1048576K
}
Event: 6.119 GC heap before
{Heap before GC invocations=4 (full 0):
 garbage-first heap   total 516096K, used 163050K [0x000000060cc00000, 0x0000000800000000)
  region size 2048K, 68 young (139264K), 1 survivors (2048K)
 Metaspace       used 17871K, capacity 19004K, committed 19328K, reserved 1067008K
  class space    used 1732K, capacity 2057K, committed 2176K, reserved 1048576K
}
Event: 6.123 GC heap after
{Heap after GC invocations=5 (full 0):
 garbage-first heap   total 516096K, used 25070K [0x000000060cc00000, 0x0000000800000000)
  region size 2048K, 1 young (2048K), 1 survivors (2048K)
 Metaspace       used 17871K, capacity 19004K, committed 19328K, reserved 1067008K
  class space    used 1732K, capacity 2057K, committed 2176K, reserved 1048576K
}
Event: 6.358 GC heap before
{Heap before GC invocations=5 (full 0):
 garbage-first heap   total 516096K, used 172526K [0x000000060cc00000, 0x0000000800000000)
  region size 2048K, 69 young (141312K), 1 survivors (2048K)
 Metaspace       used 17871K, capacity 19004K, committed 19328K, reserved 1067008K
  class space    used 1732K, capacity 2057K, committed 2176K, reserved 1048576K
}
Event: 6.382 GC heap after
{Heap after GC invocations=6 (full 0):
 garbage-first heap   total 516096K, used 43277K [0x000000060cc00000, 0x0000000800000000)
  region size 2048K, 6 young (12288K), 6 survivors (12288K)
 Metaspace       used 17871K, capacity 19004K, committed 19328K, reserved 1067008K
  class space    used 1732K, capacity 2057K, committed 2176K, reserved 1048576K
}
Event: 6.707 GC heap before
{Heap before GC invocations=6 (full 0):
 garbage-first heap   total 516096K, used 133389K [0x000000060cc00000, 0x0000000800000000)
  region size 2048K, 43 young (88064K), 6 survivors (12288K)
 Metaspace       used 17920K, capacity 19016K, committed 19328K, reserved 1067008K
  class space    used 1737K, capacity 2059K, committed 2176K, reserved 1048576K
}
Event: 6.745 GC heap after
{Heap after GC invocations=7 (full 0):
 garbage-first heap   total 692224K, used 48929K [0x000000060cc00000, 0x0000000800000000)
  region size 2048K, 3 young (6144K), 3 survivors (6144K)
 Metaspace       used 17920K, capacity 19016K, committed 19328K, reserved 1067008K
  class space    used 1737K, capacity 2059K, committed 2176K, reserved 1048576K
}
Event: 7.231 GC heap before
{Heap before GC invocations=7 (full 0):
 garbage-first heap   total 692224K, used 59169K [0x000000060cc00000, 0x0000000800000000)
  region size 2048K, 9 young (18432K), 3 survivors (6144K)
 Metaspace       used 19999K, capacity 21069K, committed 21248K, reserved 1069056K
  class space    used 2084K, capacity 2442K, committed 2560K, reserved 1048576K
}
Event: 7.262 GC heap after
{Heap after GC invocations=8 (full 0):
 garbage-first heap   total 692224K, used 50990K [0x000000060cc00000, 0x0000000800000000)
  region size 2048K, 1 young (2048K), 1 survivors (2048K)
 Metaspace       used 19999K, capacity 21069K, committed 21248K, reserved 1069056K
  class space    used 2084K, capacity 2442K, committed 2560K, reserved 1048576K
}
Event: 11.777 GC heap before
{Heap before GC invocations=9 (full 0):
 garbage-first heap   total 692224K, used 65326K [0x000000060cc00000, 0x0000000800000000)
  region size 2048K, 16 young (32768K), 1 survivors (2048K)
 Metaspace       used 24222K, capacity 25063K, committed 25088K, reserved 1071104K
  class space    used 2699K, capacity 3059K, committed 3072K, reserved 1048576K
}
Event: 11.808 GC heap after
{Heap after GC invocations=10 (full 0):
 garbage-first heap   total 692224K, used 40297K [0x000000060cc00000, 0x0000000800000000)
  region size 2048K, 2 young (4096K), 2 survivors (4096K)
 Metaspace       used 24222K, capacity 25063K, committed 25088K, reserved 1071104K
  class space    used 2699K, capacity 3059K, committed 3072K, reserved 1048576K
}
Event: 26.100 GC heap before
{Heap before GC invocations=10 (full 0):
 garbage-first heap   total 692224K, used 73065K [0x000000060cc00000, 0x0000000800000000)
  region size 2048K, 18 young (36864K), 2 survivors (4096K)
 Metaspace       used 24342K, capacity 25223K, committed 25472K, reserved 1071104K
  class space    used 2705K, capacity 3091K, committed 3200K, reserved 1048576K
}
Event: 26.106 GC heap after
{Heap after GC invocations=11 (full 0):
 garbage-first heap   total 692224K, used 41207K [0x000000060cc00000, 0x0000000800000000)
  region size 2048K, 1 young (2048K), 1 survivors (2048K)
 Metaspace       used 24342K, capacity 25223K, committed 25472K, reserved 1071104K
  class space    used 2705K, capacity 3091K, committed 3200K, reserved 1048576K
}
Event: 52.346 GC heap before
{Heap before GC invocations=11 (full 0):
 garbage-first heap   total 692224K, used 84215K [0x000000060cc00000, 0x0000000800000000)
  region size 2048K, 22 young (45056K), 1 survivors (2048K)
 Metaspace       used 24387K, capacity 25223K, committed 25472K, reserved 1071104K
  class space    used 2708K, capacity 3091K, committed 3200K, reserved 1048576K
}
Event: 52.348 GC heap after
{Heap after GC invocations=12 (full 0):
 garbage-first heap   total 692224K, used 40782K [0x000000060cc00000, 0x0000000800000000)
  region size 2048K, 1 young (2048K), 1 survivors (2048K)
 Metaspace       used 24387K, capacity 25223K, committed 25472K, reserved 1071104K
  class space    used 2708K, capacity 3091K, committed 3200K, reserved 1048576K
}
Event: 93.425 GC heap before
{Heap before GC invocations=12 (full 0):
 garbage-first heap   total 692224K, used 100174K [0x000000060cc00000, 0x0000000800000000)
  region size 2048K, 30 young (61440K), 1 survivors (2048K)
 Metaspace       used 24442K, capacity 25287K, committed 25472K, reserved 1071104K
  class space    used 2709K, capacity 3091K, committed 3200K, reserved 1048576K
}
Event: 93.427 GC heap after
{Heap after GC invocations=13 (full 0):
 garbage-first heap   total 692224K, used 40739K [0x000000060cc00000, 0x0000000800000000)
  region size 2048K, 1 young (2048K), 1 survivors (2048K)
 Metaspace       used 24442K, capacity 25287K, committed 25472K, reserved 1071104K
  class space    used 2709K, capacity 3091K, committed 3200K, reserved 1048576K
}

