# JRE version: OpenJDK Runtime Environment (11.0.22+7) (build 11.0.22+7-post-Ubuntu-0ubuntu223.10.1)
# Java VM: OpenJDK 64-Bit Server VM (11.0.22+7-post-Ubuntu-0ubuntu223.10.1, mixed mode, sharing, tiered, compressed oops, g1 gc, linux-amd64)
Heap:
 garbage-first heap   total 624640K, used 52920K [0x000000060cc00000, 0x0000000800000000)
  region size 2048K, 12 young (24576K), 4 survivors (8192K)
 Metaspace       used 24763K, capacity 25905K, committed 26112K, reserved 1073152K
  class space    used 2748K, capacity 3273K, committed 3328K, reserved 1048576K
GC Heap History (14 events):
Event: 0.595 GC heap before
{Heap before GC invocations=0 (full 0):
 garbage-first heap   total 516096K, used 23248K [0x000000060cc00000, 0x0000000800000000)
  region size 2048K, 12 young (24576K), 0 survivors (0K)
 Metaspace       used 3489K, capacity 6762K, committed 6784K, reserved 1056768K
  class space    used 279K, capacity 623K, committed 640K, reserved 1048576K
}
Event: 0.610 GC heap after
{Heap after GC invocations=1 (full 0):
 garbage-first heap   total 516096K, used 9851K [0x000000060cc00000, 0x0000000800000000)
  region size 2048K, 2 young (4096K), 2 survivors (4096K)
 Metaspace       used 3489K, capacity 6762K, committed 6784K, reserved 1056768K
  class space    used 279K, capacity 623K, committed 640K, reserved 1048576K
}
Event: 5.507 GC heap before
{Heap before GC invocations=1 (full 0):
 garbage-first heap   total 516096K, used 444027K [0x000000060cc00000, 0x0000000800000000)
  region size 2048K, 131 young (268288K), 2 survivors (4096K)
 Metaspace       used 18001K, capacity 19189K, committed 19328K, reserved 1067008K
  class space    used 1758K, capacity 2134K, committed 2176K, reserved 1048576K
}
Event: 5.529 GC heap after
{Heap after GC invocations=2 (full 0):
 garbage-first heap   total 516096K, used 20049K [0x000000060cc00000, 0x0000000800000000)
  region size 2048K, 7 young (14336K), 7 survivors (14336K)
 Metaspace       used 18001K, capacity 19189K, committed 19328K, reserved 1067008K
  class space    used 1758K, capacity 2134K, committed 2176K, reserved 1048576K
}
Event: 5.944 GC heap before
{Heap before GC invocations=2 (full 0):
 garbage-first heap   total 516096K, used 210513K [0x000000060cc00000, 0x0000000800000000)
  region size 2048K, 99 young (202752K), 7 survivors (14336K)
 Metaspace       used 18032K, capacity 19189K, committed 19328K, reserved 1067008K
  class space    used 1758K, capacity 2134K, committed 2176K, reserved 1048576K
}
Event: 5.952 GC heap after
{Heap after GC invocations=3 (full 0):
 garbage-first heap   total 516096K, used 24419K [0x000000060cc00000, 0x0000000800000000)
  region size 2048K, 7 young (14336K), 7 survivors (14336K)
 Metaspace       used 18032K, capacity 19189K, committed 19328K, reserved 1067008K
  class space    used 1758K, capacity 2134K, committed 2176K, reserved 1048576K
}
Event: 6.292 GC heap before
{Heap before GC invocations=3 (full 0):
 garbage-first heap   total 516096K, used 229219K [0x000000060cc00000, 0x0000000800000000)
  region size 2048K, 102 young (208896K), 7 survivors (14336K)
 Metaspace       used 18032K, capacity 19189K, committed 19328K, reserved 1067008K
  class space    used 1758K, capacity 2134K, committed 2176K, reserved 1048576K
}
Event: 6.319 GC heap after
{Heap after GC invocations=4 (full 0):
 garbage-first heap   total 516096K, used 43716K [0x000000060cc00000, 0x0000000800000000)
  region size 2048K, 11 young (22528K), 11 survivors (22528K)
 Metaspace       used 18032K, capacity 19189K, committed 19328K, reserved 1067008K
  class space    used 1758K, capacity 2134K, committed 2176K, reserved 1048576K
}
Event: 6.334 GC heap before
{Heap before GC invocations=4 (full 0):
 garbage-first heap   total 516096K, used 51908K [0x000000060cc00000, 0x0000000800000000)
  region size 2048K, 15 young (30720K), 11 survivors (22528K)
 Metaspace       used 18032K, capacity 19189K, committed 19328K, reserved 1067008K
  class space    used 1758K, capacity 2134K, committed 2176K, reserved 1048576K
}
Event: 6.362 GC heap after
{Heap after GC invocations=5 (full 0):
 garbage-first heap   total 516096K, used 44702K [0x000000060cc00000, 0x0000000800000000)
  region size 2048K, 1 young (2048K), 1 survivors (2048K)
 Metaspace       used 18032K, capacity 19189K, committed 19328K, reserved 1067008K
  class space    used 1758K, capacity 2134K, committed 2176K, reserved 1048576K
}
Event: 7.067 GC heap before
{Heap before GC invocations=5 (full 0):
 garbage-first heap   total 516096K, used 140958K [0x000000060cc00000, 0x0000000800000000)
  region size 2048K, 41 young (83968K), 1 survivors (2048K)
 Metaspace       used 19961K, capacity 21076K, committed 21248K, reserved 1069056K
  class space    used 2070K, capacity 2485K, committed 2560K, reserved 1048576K
}
Event: 7.083 GC heap after
{Heap after GC invocations=6 (full 0):
 garbage-first heap   total 624640K, used 55474K [0x000000060cc00000, 0x0000000800000000)
  region size 2048K, 4 young (8192K), 4 survivors (8192K)
 Metaspace       used 19961K, capacity 21076K, committed 21248K, reserved 1069056K
  class space    used 2070K, capacity 2485K, committed 2560K, reserved 1048576K
}
Event: 73.571 GC heap before
{Heap before GC invocations=7 (full 0):
 garbage-first heap   total 624640K, used 166066K [0x000000060cc00000, 0x0000000800000000)
  region size 2048K, 67 young (137216K), 4 survivors (8192K)
 Metaspace       used 24695K, capacity 25834K, committed 26112K, reserved 1073152K
  class space    used 2746K, capacity 3272K, committed 3328K, reserved 1048576K
}
Event: 73.588 GC heap after
{Heap after GC invocations=8 (full 0):
 garbage-first heap   total 624640K, used 38584K [0x000000060cc00000, 0x0000000800000000)
  region size 2048K, 4 young (8192K), 4 survivors (8192K)
 Metaspace       used 24695K, capacity 25834K, committed 26112K, reserved 1073152K
  class space    used 2746K, capacity 3272K, committed 3328K, reserved 1048576K
}

